0 info it worked if it ends with ok
1 verbose cli [ '/Users/ninman/.nvm/versions/node/v4.4.4/bin/node',
1 verbose cli   '/Users/ninman/.nvm/versions/node/v4.4.4/bin/npm',
1 verbose cli   'start' ]
2 info using npm@3.10.8
3 info using node@v4.4.4
4 verbose run-script [ 'prestart', 'start', 'poststart' ]
5 info lifecycle textureManipulation@0.1.0~prestart: textureManipulation@0.1.0
6 verbose lifecycle textureManipulation@0.1.0~prestart: unsafe-perm in lifecycle true
7 verbose lifecycle textureManipulation@0.1.0~prestart: PATH: /Users/ninman/.nvm/versions/node/v4.4.4/lib/node_modules/npm/bin/node-gyp-bin:/Users/ninman/Sites/Experiments/textureManipulation/raycastingTileBlur/node_modules/.bin:/usr/local/var/rbenv/shims:/Users/ninman/.nvm/versions/node/v4.4.4/bin:/usr/local/bin:/Users/ninman/bin:/usr/local/sbin:/usr/local/bin:/usr/bin:/bin:/usr/sbin:/sbin:/opt/X11/bin:/usr/local/var/rbenv/shims:/Users/ninman/bin:/usr/local/sbin
8 verbose lifecycle textureManipulation@0.1.0~prestart: CWD: /Users/ninman/Sites/Experiments/textureManipulation/raycastingTileBlur
9 silly lifecycle textureManipulation@0.1.0~prestart: Args: [ '-c', 'npm run build' ]
10 silly lifecycle textureManipulation@0.1.0~prestart: Returned: code: 0  signal: null
11 info lifecycle textureManipulation@0.1.0~start: textureManipulation@0.1.0
12 verbose lifecycle textureManipulation@0.1.0~start: unsafe-perm in lifecycle true
13 verbose lifecycle textureManipulation@0.1.0~start: PATH: /Users/ninman/.nvm/versions/node/v4.4.4/lib/node_modules/npm/bin/node-gyp-bin:/Users/ninman/Sites/Experiments/textureManipulation/raycastingTileBlur/node_modules/.bin:/usr/local/var/rbenv/shims:/Users/ninman/.nvm/versions/node/v4.4.4/bin:/usr/local/bin:/Users/ninman/bin:/usr/local/sbin:/usr/local/bin:/usr/bin:/bin:/usr/sbin:/sbin:/opt/X11/bin:/usr/local/var/rbenv/shims:/Users/ninman/bin:/usr/local/sbin
14 verbose lifecycle textureManipulation@0.1.0~start: CWD: /Users/ninman/Sites/Experiments/textureManipulation/raycastingTileBlur
15 silly lifecycle textureManipulation@0.1.0~start: Args: [ '-c',
15 silly lifecycle   'node ./node_modules/webpack/bin/webpack.js --config ./config.babel.js' ]
16 silly lifecycle textureManipulation@0.1.0~start: Returned: code: 1  signal: null
17 info lifecycle textureManipulation@0.1.0~start: Failed to exec start script
18 verbose stack Error: textureManipulation@0.1.0 start: `node ./node_modules/webpack/bin/webpack.js --config ./config.babel.js`
18 verbose stack Exit status 1
18 verbose stack     at EventEmitter.<anonymous> (/Users/ninman/.nvm/versions/node/v4.4.4/lib/node_modules/npm/lib/utils/lifecycle.js:255:16)
18 verbose stack     at emitTwo (events.js:87:13)
18 verbose stack     at EventEmitter.emit (events.js:172:7)
18 verbose stack     at ChildProcess.<anonymous> (/Users/ninman/.nvm/versions/node/v4.4.4/lib/node_modules/npm/lib/utils/spawn.js:40:14)
18 verbose stack     at emitTwo (events.js:87:13)
18 verbose stack     at ChildProcess.emit (events.js:172:7)
18 verbose stack     at maybeClose (internal/child_process.js:827:16)
18 verbose stack     at Process.ChildProcess._handle.onexit (internal/child_process.js:211:5)
19 verbose pkgid textureManipulation@0.1.0
20 verbose cwd /Users/ninman/Sites/Experiments/textureManipulation/raycastingTileBlur
21 error Darwin 16.4.0
22 error argv "/Users/ninman/.nvm/versions/node/v4.4.4/bin/node" "/Users/ninman/.nvm/versions/node/v4.4.4/bin/npm" "start"
23 error node v4.4.4
24 error npm  v3.10.8
25 error code ELIFECYCLE
26 error textureManipulation@0.1.0 start: `node ./node_modules/webpack/bin/webpack.js --config ./config.babel.js`
26 error Exit status 1
27 error Failed at the textureManipulation@0.1.0 start script 'node ./node_modules/webpack/bin/webpack.js --config ./config.babel.js'.
27 error Make sure you have the latest version of node.js and npm installed.
27 error If you do, this is most likely a problem with the textureManipulation package,
27 error not with npm itself.
27 error Tell the author that this fails on your system:
27 error     node ./node_modules/webpack/bin/webpack.js --config ./config.babel.js
27 error You can get information on how to open an issue for this project with:
27 error     npm bugs textureManipulation
27 error Or if that isn't available, you can get their info via:
27 error     npm owner ls textureManipulation
27 error There is likely additional logging output above.
28 verbose exit [ 1, true ]
